  CMake Warning (dev) at cmake_bundle.RelWithDebInfo.cmake:6 (list):
    Policy CMP0007 is not set: list command no longer ignores empty elements.
    Run "cmake --help-policy CMP0007" for policy details.  Use the cmake_policy
    command to set the policy and suppress this warning.  List has value =
    [C:/thesis/SDK-gris/x64/release/qcustomplot-1.3.2/bin;C:/thesis/SDK-gris/x64/release/boost_1_59_0/lib64-msvc-14.0;C:/thesis/SDK-gris/x64/release/gmp/lib/;C:/thesis/build/x64/release/MUKNO2-gris/RelWithDebInfo/bin/;C:/thesis/SDK-gris/x64/release/GrisFramework-0.6.2/bin;C:/thesis/SDK-gris/x64/release/GrisFramework-0.6.2/bin;C:/thesis/SDK-gris/x64/release/boost_1_59_0/lib64-msvc-14.0;C:/thesis/SDK-gris/x64/release/boost_1_59_0/lib64-msvc-14.0;C:/thesis/SDK-gris/x64/release/GDCM/bin;C:/thesis/SDK-gris/x64/release/GDCM/bin;C:/thesis/SDK-gris/x64/release/GDCM/bin;C:/thesis/SDK-gris/x64/release/VTK-7.1.1/bin;C:/thesis/SDK-gris/x64/release/VTK-7.1.1/bin;C:/thesis/SDK-gris/x64/release/VTK-7.1.1/bin;C:/thesis/SDK-gris/x64/release/VTK-7.1.1/bin;C:/thesis/SDK-gris/x64/release/VTK-7.1.1/bin;C:/thesis/SDK-gris/x64/release/VTK-7.1.1/bin;C:/thesis/SDK-gris/x64/release/VTK-7.1.1/bin;C:/thesis/SDK-gris/x64/release/VTK-7.1.1/bin;C:/thesis/SDK-gris/x64/release/VTK-7.1.1/bin;C:/thesis/SDK-gris/x64/release/VTK-7.1.1/bin;C:/thesis/SDK-gris/x64/release/VTK-7.1.1/bin;C:/thesis/SDK-gris/x64/release/VTK-7.1.1/bin;C:/thesis/SDK-gris/x64/release/VTK-7.1.1/bin;C:/thesis/SDK-gris/x64/release/VTK-7.1.1/bin;C:/thesis/SDK-gris/x64/release/VTK-7.1.1/bin;C:/thesis/SDK-gris/x64/release/VTK-7.1.1/bin;C:/thesis/SDK-gris/x64/release/VTK-7.1.1/bin;C:/thesis/SDK-gris/x64/release/VTK-7.1.1/bin;C:/thesis/SDK-gris/x64/release/VTK-7.1.1/bin;C:/thesis/SDK-gris/x64/release/VTK-7.1.1/bin;C:/thesis/SDK-gris/x64/release/VTK-7.1.1/bin;C:/thesis/SDK-gris/x64/release/VTK-7.1.1/bin;C:/thesis/SDK-gris/x64/release/VTK-7.1.1/bin;C:/thesis/SDK-gris/x64/release/VTK-7.1.1/bin;C:/thesis/SDK-gris/x64/release/VTK-7.1.1/bin;C:/thesis/SDK-gris/x64/release/VTK-7.1.1/bin;C:/thesis/SDK-gris/x64/release/VTK-7.1.1/bin;C:/thesis/SDK-gris/x64/release/VTK-7.1.1/bin;C:/thesis/SDK-gris/x64/release/VTK-7.1.1/bin;C:/thesis/SDK-gris/x64/release/VTK-7.1.1/bin;C:/thesis/SDK-gris/x64/release/VTK-7.1.1/bin;C:/thesis/SDK-gris/x64/release/VTK-7.1.1/bin;C:/thesis/SDK-gris/x64/release/VTK-7.1.1/bin;C:/thesis/SDK-gris/x64/release/VTK-7.1.1/bin;C:/thesis/SDK-gris/x64/release/VTK-7.1.1/bin;C:/thesis/SDK-gris/x64/release/VTK-7.1.1/bin;C:/thesis/SDK-gris/x64/release/VTK-7.1.1/bin;C:/thesis/SDK-gris/x64/release/VTK-7.1.1/bin;C:/thesis/SDK-gris/x64/release/VTK-7.1.1/bin;C:/thesis/SDK-gris/x64/release/VTK-7.1.1/bin;C:/thesis/SDK-gris/x64/release/VTK-7.1.1/bin;C:/thesis/SDK-gris/x64/release/VTK-7.1.1/bin;C:/thesis/SDK-gris/x64/release/VTK-7.1.1/bin;C:/thesis/SDK-gris/x64/release/VTK-7.1.1/bin;C:/thesis/SDK-gris/x64/release/VTK-7.1.1/bin;C:/thesis/SDK-gris/x64/release/VTK-7.1.1/bin;C:/thesis/SDK-gris/x64/release/VTK-7.1.1/bin;C:/thesis/SDK-gris/x64/release/VTK-7.1.1/bin;C:/thesis/SDK-gris/x64/release/VTK-7.1.1/bin;C:/thesis/SDK-gris/x64/release/VTK-7.1.1/bin;C:/thesis/SDK-gris/x64/release/VTK-7.1.1/bin;C:/thesis/SDK-gris/x64/release/VTK-7.1.1/bin;C:/thesis/SDK-gris/x64/release/VTK-7.1.1/bin;C:/thesis/SDK-gris/x64/release/VTK-7.1.1/bin;C:/thesis/SDK-gris/x64/release/VTK-7.1.1/bin;C:/thesis/SDK-gris/x64/release/qt-5.7/5.7/msvc2015_64/bin;C:/thesis/SDK-gris/x64/release/qt-5.7/5.7/msvc2015_64/bin;C:/thesis/SDK-gris/x64/release/qt-5.7/5.7/msvc2015_64/bin;C:/thesis/SDK-gris/x64/release/qt-5.7/5.7/msvc2015_64/bin;C:/thesis/SDK-gris/x64/release/VTK-7.1.1/bin;C:/thesis/SDK-gris/x64/release/VTK-7.1.1/bin;C:/thesis/SDK-gris/x64/release/VTK-7.1.1/bin;C:/thesis/SDK-gris/x64/release/VTK-7.1.1/bin;C:/thesis/SDK-gris/x64/release/VTK-7.1.1/bin;C:/thesis/SDK-gris/x64/release/VTK-7.1.1/bin;C:/thesis/SDK-gris/x64/release/VTK-7.1.1/bin;C:/thesis/SDK-gris/x64/release/VTK-7.1.1/bin;C:/thesis/SDK-gris/x64/release/VTK-7.1.1/bin;C:/thesis/SDK-gris/x64/release/VTK-7.1.1/bin;C:/thesis/SDK-gris/x64/release/VTK-7.1.1/bin;C:/thesis/SDK-gris/x64/release/VTK-7.1.1/bin;C:/thesis/SDK-gris/x64/release/VTK-7.1.1/bin;C:/thesis/SDK-gris/x64/release/VTK-7.1.1/bin;C:/thesis/SDK-gris/x64/release/VTK-7.1.1/bin;C:/thesis/SDK-gris/x64/release/VTK-7.1.1/bin;C:/thesis/SDK-gris/x64/release/VTK-7.1.1/bin;C:/thesis/SDK-gris/x64/release/VTK-7.1.1/bin;C:/thesis/SDK-gris/x64/release/VTK-7.1.1/bin;C:/thesis/SDK-gris/x64/release/VTK-7.1.1/bin;C:/thesis/SDK-gris/x64/release/VTK-7.1.1/bin;C:/thesis/SDK-gris/x64/release/VTK-7.1.1/bin;C:/thesis/SDK-gris/x64/release/VTK-7.1.1/bin;C:/thesis/SDK-gris/x64/release/VTK-7.1.1/bin;C:/thesis/SDK-gris/x64/release/VTK-7.1.1/bin;C:/thesis/SDK-gris/x64/release/VTK-7.1.1/bin;C:/thesis/SDK-gris/x64/release/VTK-7.1.1/bin;C:/thesis/SDK-gris/x64/release/VTK-7.1.1/bin;C:/thesis/SDK-gris/x64/release/VTK-7.1.1/bin;C:/thesis/SDK-gris/x64/release/VTK-7.1.1/bin;C:/thesis/SDK-gris/x64/release/VTK-7.1.1/bin;C:/thesis/SDK-gris/x64/release/VTK-7.1.1/bin;C:/thesis/SDK-gris/x64/release/VTK-7.1.1/bin;C:/thesis/SDK-gris/x64/release/VTK-7.1.1/bin;C:/thesis/SDK-gris/x64/release/VTK-7.1.1/bin;C:/thesis/SDK-gris/x64/release/VTK-7.1.1/bin;C:/thesis/SDK-gris/x64/release/VTK-7.1.1/bin;C:/thesis/SDK-gris/x64/release/VTK-7.1.1/bin;C:/thesis/SDK-gris/x64/release/VTK-7.1.1/bin;C:/thesis/SDK-gris/x64/release/VTK-7.1.1/bin;C:/thesis/SDK-gris/x64/release/VTK-7.1.1/bin;C:/thesis/SDK-gris/x64/release/VTK-7.1.1/bin;C:/thesis/SDK-gris/x64/release/VTK-7.1.1/bin;C:/thesis/SDK-gris/x64/release/VTK-7.1.1/bin;C:/thesis/SDK-gris/x64/release/VTK-7.1.1/bin;C:/thesis/SDK-gris/x64/release/VTK-7.1.1/bin;C:/thesis/SDK-gris/x64/release/VTK-7.1.1/bin;C:/thesis/SDK-gris/x64/release/VTK-7.1.1/bin;C:/thesis/SDK-gris/x64/release/VTK-7.1.1/bin;C:/thesis/SDK-gris/x64/release/VTK-7.1.1/bin;C:/thesis/SDK-gris/x64/release/VTK-7.1.1/bin;C:/thesis/SDK-gris/x64/release/VTK-7.1.1/bin;C:/thesis/SDK-gris/x64/release/VTK-7.1.1/bin;C:/thesis/SDK-gris/x64/release/VTK-7.1.1/bin;C:/thesis/SDK-gris/x64/release/VTK-7.1.1/bin;C:/thesis/SDK-gris/x64/release/VTK-7.1.1/bin;C:/thesis/SDK-gris/x64/release/VTK-7.1.1/bin;C:/thesis/SDK-gris/x64/release/VTK-7.1.1/bin;C:/thesis/SDK-gris/x64/release/VTK-7.1.1/bin;C:/thesis/SDK-gris/x64/release/boost_1_59_0/lib64-msvc-14.0;C:/thesis/SDK-gris/x64/release/boost_1_59_0/lib64-msvc-14.0;C:/thesis/SDK-gris/x64/release/boost_1_59_0/lib64-msvc-14.0;C:/thesis/SDK-gris/x64/release/boost_1_59_0/lib64-msvc-14.0;C:/thesis/SDK-gris/x64/release/boost_1_59_0/lib64-msvc-14.0;C:/thesis/SDK-gris/x64/release/boost_1_59_0/lib64-msvc-14.0;C:/thesis/SDK-gris/x64/release/boost_1_59_0/lib64-msvc-14.0;C:/thesis/SDK-gris/x64/release/boost_1_59_0/lib64-msvc-14.0;C:/thesis/SDK-gris/x64/release/ACVD_vtk-7.1.1/lib/cmake/ACVD/../../../bin;C:/thesis/SDK-gris/x64/release/ACVD_vtk-7.1.1/lib/cmake/ACVD/../../../bin;C:/thesis/SDK-gris/x64/release/ACVD_vtk-7.1.1/lib/cmake/ACVD/../../../bin;C:/thesis/SDK-gris/x64/release/ACVD_vtk-7.1.1/lib/cmake/ACVD/../../../bin;C:/thesis/SDK-gris/x64/release/qt-5.7/5.7/msvc2015_64/bin;].
  This warning is for project developers.  Use -Wno-dev to suppress it.
  
  -- fixup_bundle
  --   app='C:/thesis/build/x64/release/MUKNO2-gris/RelWithDebInfo/bin/MuknoPlanner.exe'
  --   libs=''
  --   dirs='C:/thesis/SDK-gris/x64/release/qcustomplot-1.3.2/bin;C:/thesis/SDK-gris/x64/release/boost_1_59_0/lib64-msvc-14.0;C:/thesis/SDK-gris/x64/release/gmp/lib/;C:/thesis/build/x64/release/MUKNO2-gris/RelWithDebInfo/bin/;C:/thesis/SDK-gris/x64/release/GrisFramework-0.6.2/bin;C:/thesis/SDK-gris/x64/release/GDCM/bin;C:/thesis/SDK-gris/x64/release/VTK-7.1.1/bin;C:/thesis/SDK-gris/x64/release/qt-5.7/5.7/msvc2015_64/bin;C:/thesis/SDK-gris/x64/release/ACVD_vtk-7.1.1/lib/cmake/ACVD/../../../bin'
  --   ignoreItems=''
  -- fixup_bundle: preparing...
  -- fixup_bundle: copying...
  -- 1/190: *NOT* copying 'C:/thesis/build/x64/release/MUKNO2-gris/RelWithDebInfo/bin/MuknoPlanner.exe'
  -- 2/190: copying 'C:/thesis/build/x64/release/MUKNO2-gris/RelWithDebInfo/bin/MukAlgorithms.dll'
EXEC : -- warning : resolved_item == resolved_embedded_item - not copying...
  -- 3/190: copying 'C:/thesis/build/x64/release/MUKNO2-gris/RelWithDebInfo/bin/MukAppModels.dll'
EXEC : -- warning : resolved_item == resolved_embedded_item - not copying...
  -- 4/190: copying 'C:/thesis/build/x64/release/MUKNO2-gris/RelWithDebInfo/bin/MukCommon.dll'
EXEC : -- warning : resolved_item == resolved_embedded_item - not copying...
  -- 5/190: copying 'C:/thesis/build/x64/release/MUKNO2-gris/RelWithDebInfo/bin/MukEvaluation.dll'
EXEC : -- warning : resolved_item == resolved_embedded_item - not copying...
  -- 6/190: copying 'C:/thesis/build/x64/release/MUKNO2-gris/RelWithDebInfo/bin/MukImaging.dll'
EXEC : -- warning : resolved_item == resolved_embedded_item - not copying...
  -- 7/190: copying 'C:/thesis/build/x64/release/MUKNO2-gris/RelWithDebInfo/bin/MukNavigation.dll'
EXEC : -- warning : resolved_item == resolved_embedded_item - not copying...
  -- 8/190: copying 'C:/thesis/build/x64/release/MUKNO2-gris/RelWithDebInfo/bin/MukPathPlanning.dll'
EXEC : -- warning : resolved_item == resolved_embedded_item - not copying...
  -- 9/190: copying 'C:/thesis/build/x64/release/MUKNO2-gris/RelWithDebInfo/bin/MukQt.dll'
EXEC : -- warning : resolved_item == resolved_embedded_item - not copying...
  -- 10/190: copying 'C:/thesis/build/x64/release/MUKNO2-gris/RelWithDebInfo/bin/MukVisualization.dll'
EXEC : -- warning : resolved_item == resolved_embedded_item - not copying...
  -- 11/190: copying 'C:/thesis/build/x64/release/MUKNO2-gris/RelWithDebInfo/bin/QCustomPlot.dll'
EXEC : -- warning : resolved_item == resolved_embedded_item - not copying...
  -- 12/190: copying 'C:/thesis/build/x64/release/MUKNO2-gris/RelWithDebInfo/bin/Qt5Core.dll'
EXEC : -- warning : resolved_item == resolved_embedded_item - not copying...
  -- 13/190: copying 'C:/thesis/build/x64/release/MUKNO2-gris/RelWithDebInfo/bin/Qt5Gui.dll'
EXEC : -- warning : resolved_item == resolved_embedded_item - not copying...
  -- 14/190: copying 'C:/thesis/build/x64/release/MUKNO2-gris/RelWithDebInfo/bin/Qt5PrintSupport.dll'
EXEC : -- warning : resolved_item == resolved_embedded_item - not copying...
  -- 15/190: copying 'C:/thesis/build/x64/release/MUKNO2-gris/RelWithDebInfo/bin/Qt5Widgets.dll'
EXEC : -- warning : resolved_item == resolved_embedded_item - not copying...
  -- 16/190: copying 'C:/thesis/build/x64/release/MUKNO2-gris/RelWithDebInfo/bin/VCRUNTIME140.dll'
EXEC : -- warning : resolved_item == resolved_embedded_item - not copying...
  -- 17/190: copying 'C:/thesis/build/x64/release/MUKNO2-gris/RelWithDebInfo/bin/boost_filesystem-vc140-mt-1_59.dll'
EXEC : -- warning : resolved_item == resolved_embedded_item - not copying...
  -- 18/190: copying 'C:/thesis/build/x64/release/MUKNO2-gris/RelWithDebInfo/bin/boost_serialization-vc140-mt-1_59.dll'
EXEC : -- warning : resolved_item == resolved_embedded_item - not copying...
  -- 19/190: copying 'C:/thesis/build/x64/release/MUKNO2-gris/RelWithDebInfo/bin/boost_system-vc140-mt-1_59.dll'
EXEC : -- warning : resolved_item == resolved_embedded_item - not copying...
  -- 20/190: copying 'C:/thesis/build/x64/release/MUKNO2-gris/RelWithDebInfo/bin/boost_unit_test_framework-vc140-mt-1_59.dll'
EXEC : -- warning : resolved_item == resolved_embedded_item - not copying...
  -- 21/190: copying 'C:/thesis/build/x64/release/MUKNO2-gris/RelWithDebInfo/bin/gdcmCommon.dll'
EXEC : -- warning : resolved_item == resolved_embedded_item - not copying...
  -- 22/190: copying 'C:/thesis/build/x64/release/MUKNO2-gris/RelWithDebInfo/bin/gdcmDICT.dll'
EXEC : -- warning : resolved_item == resolved_embedded_item - not copying...
  -- 23/190: copying 'C:/thesis/build/x64/release/MUKNO2-gris/RelWithDebInfo/bin/gdcmDSED.dll'
EXEC : -- warning : resolved_item == resolved_embedded_item - not copying...
  -- 24/190: copying 'C:/thesis/build/x64/release/MUKNO2-gris/RelWithDebInfo/bin/gdcmIOD.dll'
EXEC : -- warning : resolved_item == resolved_embedded_item - not copying...
  -- 25/190: copying 'C:/thesis/build/x64/release/MUKNO2-gris/RelWithDebInfo/bin/gdcmMSFF.dll'
EXEC : -- warning : resolved_item == resolved_embedded_item - not copying...
  -- 26/190: copying 'C:/thesis/build/x64/release/MUKNO2-gris/RelWithDebInfo/bin/gdcmcharls.dll'
EXEC : -- warning : resolved_item == resolved_embedded_item - not copying...
  -- 27/190: copying 'C:/thesis/build/x64/release/MUKNO2-gris/RelWithDebInfo/bin/gdcmexpat.dll'
EXEC : -- warning : resolved_item == resolved_embedded_item - not copying...
  -- 28/190: copying 'C:/thesis/build/x64/release/MUKNO2-gris/RelWithDebInfo/bin/gdcmjpeg12.dll'
EXEC : -- warning : resolved_item == resolved_embedded_item - not copying...
  -- 29/190: copying 'C:/thesis/build/x64/release/MUKNO2-gris/RelWithDebInfo/bin/gdcmjpeg16.dll'
EXEC : -- warning : resolved_item == resolved_embedded_item - not copying...
  -- 30/190: copying 'C:/thesis/build/x64/release/MUKNO2-gris/RelWithDebInfo/bin/gdcmjpeg8.dll'
EXEC : -- warning : resolved_item == resolved_embedded_item - not copying...
  -- 31/190: copying 'C:/thesis/build/x64/release/MUKNO2-gris/RelWithDebInfo/bin/gdcmopenjpeg.dll'
EXEC : -- warning : resolved_item == resolved_embedded_item - not copying...
  -- 32/190: copying 'C:/thesis/build/x64/release/MUKNO2-gris/RelWithDebInfo/bin/gdcmzlib.dll'
EXEC : -- warning : resolved_item == resolved_embedded_item - not copying...
  -- 33/190: copying 'C:/thesis/build/x64/release/MUKNO2-gris/RelWithDebInfo/bin/gstd-0.6.dll'
EXEC : -- warning : resolved_item == resolved_embedded_item - not copying...
  -- 34/190: copying 'C:/thesis/build/x64/release/MUKNO2-gris/RelWithDebInfo/bin/libgmp-10.dll'
EXEC : -- warning : resolved_item == resolved_embedded_item - not copying...
  -- 35/190: copying 'C:/thesis/build/x64/release/MUKNO2-gris/RelWithDebInfo/bin/vtkCommonColor-7.1.dll'
EXEC : -- warning : resolved_item == resolved_embedded_item - not copying...
  -- 36/190: copying 'C:/thesis/build/x64/release/MUKNO2-gris/RelWithDebInfo/bin/vtkCommonComputationalGeometry-7.1.dll'
EXEC : -- warning : resolved_item == resolved_embedded_item - not copying...
  -- 37/190: copying 'C:/thesis/build/x64/release/MUKNO2-gris/RelWithDebInfo/bin/vtkCommonCore-7.1.dll'
EXEC : -- warning : resolved_item == resolved_embedded_item - not copying...
  -- 38/190: copying 'C:/thesis/build/x64/release/MUKNO2-gris/RelWithDebInfo/bin/vtkCommonDataModel-7.1.dll'
EXEC : -- warning : resolved_item == resolved_embedded_item - not copying...
  -- 39/190: copying 'C:/thesis/build/x64/release/MUKNO2-gris/RelWithDebInfo/bin/vtkCommonExecutionModel-7.1.dll'
EXEC : -- warning : resolved_item == resolved_embedded_item - not copying...
  -- 40/190: copying 'C:/thesis/build/x64/release/MUKNO2-gris/RelWithDebInfo/bin/vtkCommonMath-7.1.dll'
EXEC : -- warning : resolved_item == resolved_embedded_item - not copying...
  -- 41/190: copying 'C:/thesis/build/x64/release/MUKNO2-gris/RelWithDebInfo/bin/vtkCommonMisc-7.1.dll'
EXEC : -- warning : resolved_item == resolved_embedded_item - not copying...
  -- 42/190: copying 'C:/thesis/build/x64/release/MUKNO2-gris/RelWithDebInfo/bin/vtkCommonSystem-7.1.dll'
EXEC : -- warning : resolved_item == resolved_embedded_item - not copying...
  -- 43/190: copying 'C:/thesis/build/x64/release/MUKNO2-gris/RelWithDebInfo/bin/vtkCommonTransforms-7.1.dll'
EXEC : -- warning : resolved_item == resolved_embedded_item - not copying...
  -- 44/190: copying 'C:/thesis/build/x64/release/MUKNO2-gris/RelWithDebInfo/bin/vtkDICOMParser-7.1.dll'
EXEC : -- warning : resolved_item == resolved_embedded_item - not copying...
  -- 45/190: copying 'C:/thesis/build/x64/release/MUKNO2-gris/RelWithDebInfo/bin/vtkFiltersCore-7.1.dll'
EXEC : -- warning : resolved_item == resolved_embedded_item - not copying...
  -- 46/190: copying 'C:/thesis/build/x64/release/MUKNO2-gris/RelWithDebInfo/bin/vtkFiltersExtraction-7.1.dll'
EXEC : -- warning : resolved_item == resolved_embedded_item - not copying...
  -- 47/190: copying 'C:/thesis/build/x64/release/MUKNO2-gris/RelWithDebInfo/bin/vtkFiltersGeneral-7.1.dll'
EXEC : -- warning : resolved_item == resolved_embedded_item - not copying...
  -- 48/190: copying 'C:/thesis/build/x64/release/MUKNO2-gris/RelWithDebInfo/bin/vtkFiltersGeometry-7.1.dll'
EXEC : -- warning : resolved_item == resolved_embedded_item - not copying...
  -- 49/190: copying 'C:/thesis/build/x64/release/MUKNO2-gris/RelWithDebInfo/bin/vtkFiltersHybrid-7.1.dll'
EXEC : -- warning : resolved_item == resolved_embedded_item - not copying...
  -- 50/190: copying 'C:/thesis/build/x64/release/MUKNO2-gris/RelWithDebInfo/bin/vtkFiltersModeling-7.1.dll'
EXEC : -- warning : resolved_item == resolved_embedded_item - not copying...
  -- 51/190: copying 'C:/thesis/build/x64/release/MUKNO2-gris/RelWithDebInfo/bin/vtkFiltersSources-7.1.dll'
EXEC : -- warning : resolved_item == resolved_embedded_item - not copying...
  -- 52/190: copying 'C:/thesis/build/x64/release/MUKNO2-gris/RelWithDebInfo/bin/vtkFiltersStatistics-7.1.dll'
EXEC : -- warning : resolved_item == resolved_embedded_item - not copying...
  -- 53/190: copying 'C:/thesis/build/x64/release/MUKNO2-gris/RelWithDebInfo/bin/vtkGUISupportQt-7.1.dll'
EXEC : -- warning : resolved_item == resolved_embedded_item - not copying...
  -- 54/190: copying 'C:/thesis/build/x64/release/MUKNO2-gris/RelWithDebInfo/bin/vtkIOCore-7.1.dll'
EXEC : -- warning : resolved_item == resolved_embedded_item - not copying...
  -- 55/190: copying 'C:/thesis/build/x64/release/MUKNO2-gris/RelWithDebInfo/bin/vtkIOExport-7.1.dll'
EXEC : -- warning : resolved_item == resolved_embedded_item - not copying...
  -- 56/190: copying 'C:/thesis/build/x64/release/MUKNO2-gris/RelWithDebInfo/bin/vtkIOGeometry-7.1.dll'
EXEC : -- warning : resolved_item == resolved_embedded_item - not copying...
  -- 57/190: copying 'C:/thesis/build/x64/release/MUKNO2-gris/RelWithDebInfo/bin/vtkIOImage-7.1.dll'
EXEC : -- warning : resolved_item == resolved_embedded_item - not copying...
  -- 58/190: copying 'C:/thesis/build/x64/release/MUKNO2-gris/RelWithDebInfo/bin/vtkIOImport-7.1.dll'
EXEC : -- warning : resolved_item == resolved_embedded_item - not copying...
  -- 59/190: copying 'C:/thesis/build/x64/release/MUKNO2-gris/RelWithDebInfo/bin/vtkIOLegacy-7.1.dll'
EXEC : -- warning : resolved_item == resolved_embedded_item - not copying...
  -- 60/190: copying 'C:/thesis/build/x64/release/MUKNO2-gris/RelWithDebInfo/bin/vtkIOMINC-7.1.dll'
EXEC : -- warning : resolved_item == resolved_embedded_item - not copying...
  -- 61/190: copying 'C:/thesis/build/x64/release/MUKNO2-gris/RelWithDebInfo/bin/vtkIOPLY-7.1.dll'
EXEC : -- warning : resolved_item == resolved_embedded_item - not copying...
  -- 62/190: copying 'C:/thesis/build/x64/release/MUKNO2-gris/RelWithDebInfo/bin/vtkIOXML-7.1.dll'
EXEC : -- warning : resolved_item == resolved_embedded_item - not copying...
  -- 63/190: copying 'C:/thesis/build/x64/release/MUKNO2-gris/RelWithDebInfo/bin/vtkIOXMLParser-7.1.dll'
EXEC : -- warning : resolved_item == resolved_embedded_item - not copying...
  -- 64/190: copying 'C:/thesis/build/x64/release/MUKNO2-gris/RelWithDebInfo/bin/vtkImagingColor-7.1.dll'
EXEC : -- warning : resolved_item == resolved_embedded_item - not copying...
  -- 65/190: copying 'C:/thesis/build/x64/release/MUKNO2-gris/RelWithDebInfo/bin/vtkImagingCore-7.1.dll'
EXEC : -- warning : resolved_item == resolved_embedded_item - not copying...
  -- 66/190: copying 'C:/thesis/build/x64/release/MUKNO2-gris/RelWithDebInfo/bin/vtkImagingFourier-7.1.dll'
EXEC : -- warning : resolved_item == resolved_embedded_item - not copying...
  -- 67/190: copying 'C:/thesis/build/x64/release/MUKNO2-gris/RelWithDebInfo/bin/vtkImagingGeneral-7.1.dll'
EXEC : -- warning : resolved_item == resolved_embedded_item - not copying...
  -- 68/190: copying 'C:/thesis/build/x64/release/MUKNO2-gris/RelWithDebInfo/bin/vtkImagingHybrid-7.1.dll'
EXEC : -- warning : resolved_item == resolved_embedded_item - not copying...
  -- 69/190: copying 'C:/thesis/build/x64/release/MUKNO2-gris/RelWithDebInfo/bin/vtkImagingMorphological-7.1.dll'
EXEC : -- warning : resolved_item == resolved_embedded_item - not copying...
  -- 70/190: copying 'C:/thesis/build/x64/release/MUKNO2-gris/RelWithDebInfo/bin/vtkImagingSources-7.1.dll'
EXEC : -- warning : resolved_item == resolved_embedded_item - not copying...
  -- 71/190: copying 'C:/thesis/build/x64/release/MUKNO2-gris/RelWithDebInfo/bin/vtkImagingStencil-7.1.dll'
EXEC : -- warning : resolved_item == resolved_embedded_item - not copying...
  -- 72/190: copying 'C:/thesis/build/x64/release/MUKNO2-gris/RelWithDebInfo/bin/vtkInteractionStyle-7.1.dll'
EXEC : -- warning : resolved_item == resolved_embedded_item - not copying...
  -- 73/190: copying 'C:/thesis/build/x64/release/MUKNO2-gris/RelWithDebInfo/bin/vtkInteractionWidgets-7.1.dll'
EXEC : -- warning : resolved_item == resolved_embedded_item - not copying...
  -- 74/190: copying 'C:/thesis/build/x64/release/MUKNO2-gris/RelWithDebInfo/bin/vtkNetCDF-7.1.dll'
EXEC : -- warning : resolved_item == resolved_embedded_item - not copying...
  -- 75/190: copying 'C:/thesis/build/x64/release/MUKNO2-gris/RelWithDebInfo/bin/vtkRenderingAnnotation-7.1.dll'
EXEC : -- warning : resolved_item == resolved_embedded_item - not copying...
  -- 76/190: copying 'C:/thesis/build/x64/release/MUKNO2-gris/RelWithDebInfo/bin/vtkRenderingContext2D-7.1.dll'
EXEC : -- warning : resolved_item == resolved_embedded_item - not copying...
  -- 77/190: copying 'C:/thesis/build/x64/release/MUKNO2-gris/RelWithDebInfo/bin/vtkRenderingContextOpenGL-7.1.dll'
EXEC : -- warning : resolved_item == resolved_embedded_item - not copying...
  -- 78/190: copying 'C:/thesis/build/x64/release/MUKNO2-gris/RelWithDebInfo/bin/vtkRenderingCore-7.1.dll'
EXEC : -- warning : resolved_item == resolved_embedded_item - not copying...
  -- 79/190: copying 'C:/thesis/build/x64/release/MUKNO2-gris/RelWithDebInfo/bin/vtkRenderingFreeType-7.1.dll'
EXEC : -- warning : resolved_item == resolved_embedded_item - not copying...
  -- 80/190: copying 'C:/thesis/build/x64/release/MUKNO2-gris/RelWithDebInfo/bin/vtkRenderingImage-7.1.dll'
EXEC : -- warning : resolved_item == resolved_embedded_item - not copying...
  -- 81/190: copying 'C:/thesis/build/x64/release/MUKNO2-gris/RelWithDebInfo/bin/vtkRenderingLabel-7.1.dll'
EXEC : -- warning : resolved_item == resolved_embedded_item - not copying...
  -- 82/190: copying 'C:/thesis/build/x64/release/MUKNO2-gris/RelWithDebInfo/bin/vtkRenderingOpenGL-7.1.dll'
EXEC : -- warning : resolved_item == resolved_embedded_item - not copying...
  -- 83/190: copying 'C:/thesis/build/x64/release/MUKNO2-gris/RelWithDebInfo/bin/vtkRenderingVolume-7.1.dll'
EXEC : -- warning : resolved_item == resolved_embedded_item - not copying...
  -- 84/190: copying 'C:/thesis/build/x64/release/MUKNO2-gris/RelWithDebInfo/bin/vtkSurface.dll'
EXEC : -- warning : resolved_item == resolved_embedded_item - not copying...
  -- 85/190: copying 'C:/thesis/build/x64/release/MUKNO2-gris/RelWithDebInfo/bin/vtkalglib-7.1.dll'
EXEC : -- warning : resolved_item == resolved_embedded_item - not copying...
  -- 86/190: copying 'C:/thesis/build/x64/release/MUKNO2-gris/RelWithDebInfo/bin/vtkexpat-7.1.dll'
EXEC : -- warning : resolved_item == resolved_embedded_item - not copying...
  -- 87/190: copying 'C:/thesis/build/x64/release/MUKNO2-gris/RelWithDebInfo/bin/vtkfreetype-7.1.dll'
EXEC : -- warning : resolved_item == resolved_embedded_item - not copying...
  -- 88/190: copying 'C:/thesis/build/x64/release/MUKNO2-gris/RelWithDebInfo/bin/vtkhdf5-7.1.dll'
EXEC : -- warning : resolved_item == resolved_embedded_item - not copying...
  -- 89/190: copying 'C:/thesis/build/x64/release/MUKNO2-gris/RelWithDebInfo/bin/vtkhdf5_hl-7.1.dll'
EXEC : -- warning : resolved_item == resolved_embedded_item - not copying...
  -- 90/190: copying 'C:/thesis/build/x64/release/MUKNO2-gris/RelWithDebInfo/bin/vtkjpeg-7.1.dll'
EXEC : -- warning : resolved_item == resolved_embedded_item - not copying...
  -- 91/190: copying 'C:/thesis/build/x64/release/MUKNO2-gris/RelWithDebInfo/bin/vtkmetaio-7.1.dll'
EXEC : -- warning : resolved_item == resolved_embedded_item - not copying...
  -- 92/190: copying 'C:/thesis/build/x64/release/MUKNO2-gris/RelWithDebInfo/bin/vtkpng-7.1.dll'
EXEC : -- warning : resolved_item == resolved_embedded_item - not copying...
  -- 93/190: copying 'C:/thesis/build/x64/release/MUKNO2-gris/RelWithDebInfo/bin/vtksys-7.1.dll'
EXEC : -- warning : resolved_item == resolved_embedded_item - not copying...
  -- 94/190: copying 'C:/thesis/build/x64/release/MUKNO2-gris/RelWithDebInfo/bin/vtktiff-7.1.dll'
EXEC : -- warning : resolved_item == resolved_embedded_item - not copying...
  -- 95/190: copying 'C:/thesis/build/x64/release/MUKNO2-gris/RelWithDebInfo/bin/vtkzlib-7.1.dll'
EXEC : -- warning : resolved_item == resolved_embedded_item - not copying...
  -- fixup_bundle: fixing...
  -- 96/190: fix-up not required on this platform 'C:/thesis/build/x64/release/MUKNO2-gris/RelWithDebInfo/bin/MuknoPlanner.exe'
  -- 97/190: fix-up not required on this platform 'C:/thesis/build/x64/release/MUKNO2-gris/RelWithDebInfo/bin/MukAlgorithms.dll'
  -- 98/190: fix-up not required on this platform 'C:/thesis/build/x64/release/MUKNO2-gris/RelWithDebInfo/bin/MukAppModels.dll'
  -- 99/190: fix-up not required on this platform 'C:/thesis/build/x64/release/MUKNO2-gris/RelWithDebInfo/bin/MukCommon.dll'
  -- 100/190: fix-up not required on this platform 'C:/thesis/build/x64/release/MUKNO2-gris/RelWithDebInfo/bin/MukEvaluation.dll'
  -- 101/190: fix-up not required on this platform 'C:/thesis/build/x64/release/MUKNO2-gris/RelWithDebInfo/bin/MukImaging.dll'
  -- 102/190: fix-up not required on this platform 'C:/thesis/build/x64/release/MUKNO2-gris/RelWithDebInfo/bin/MukNavigation.dll'
  -- 103/190: fix-up not required on this platform 'C:/thesis/build/x64/release/MUKNO2-gris/RelWithDebInfo/bin/MukPathPlanning.dll'
  -- 104/190: fix-up not required on this platform 'C:/thesis/build/x64/release/MUKNO2-gris/RelWithDebInfo/bin/MukQt.dll'
  -- 105/190: fix-up not required on this platform 'C:/thesis/build/x64/release/MUKNO2-gris/RelWithDebInfo/bin/MukVisualization.dll'
  -- 106/190: fix-up not required on this platform 'C:/thesis/build/x64/release/MUKNO2-gris/RelWithDebInfo/bin/QCustomPlot.dll'
  -- 107/190: fix-up not required on this platform 'C:/thesis/build/x64/release/MUKNO2-gris/RelWithDebInfo/bin/Qt5Core.dll'
  -- 108/190: fix-up not required on this platform 'C:/thesis/build/x64/release/MUKNO2-gris/RelWithDebInfo/bin/Qt5Gui.dll'
  -- 109/190: fix-up not required on this platform 'C:/thesis/build/x64/release/MUKNO2-gris/RelWithDebInfo/bin/Qt5PrintSupport.dll'
  -- 110/190: fix-up not required on this platform 'C:/thesis/build/x64/release/MUKNO2-gris/RelWithDebInfo/bin/Qt5Widgets.dll'
  -- 111/190: fix-up not required on this platform 'C:/thesis/build/x64/release/MUKNO2-gris/RelWithDebInfo/bin/VCRUNTIME140.dll'
  -- 112/190: fix-up not required on this platform 'C:/thesis/build/x64/release/MUKNO2-gris/RelWithDebInfo/bin/boost_filesystem-vc140-mt-1_59.dll'
  -- 113/190: fix-up not required on this platform 'C:/thesis/build/x64/release/MUKNO2-gris/RelWithDebInfo/bin/boost_serialization-vc140-mt-1_59.dll'
  -- 114/190: fix-up not required on this platform 'C:/thesis/build/x64/release/MUKNO2-gris/RelWithDebInfo/bin/boost_system-vc140-mt-1_59.dll'
  -- 115/190: fix-up not required on this platform 'C:/thesis/build/x64/release/MUKNO2-gris/RelWithDebInfo/bin/boost_unit_test_framework-vc140-mt-1_59.dll'
  -- 116/190: fix-up not required on this platform 'C:/thesis/build/x64/release/MUKNO2-gris/RelWithDebInfo/bin/gdcmCommon.dll'
  -- 117/190: fix-up not required on this platform 'C:/thesis/build/x64/release/MUKNO2-gris/RelWithDebInfo/bin/gdcmDICT.dll'
  -- 118/190: fix-up not required on this platform 'C:/thesis/build/x64/release/MUKNO2-gris/RelWithDebInfo/bin/gdcmDSED.dll'
  -- 119/190: fix-up not required on this platform 'C:/thesis/build/x64/release/MUKNO2-gris/RelWithDebInfo/bin/gdcmIOD.dll'
  -- 120/190: fix-up not required on this platform 'C:/thesis/build/x64/release/MUKNO2-gris/RelWithDebInfo/bin/gdcmMSFF.dll'
  -- 121/190: fix-up not required on this platform 'C:/thesis/build/x64/release/MUKNO2-gris/RelWithDebInfo/bin/gdcmcharls.dll'
  -- 122/190: fix-up not required on this platform 'C:/thesis/build/x64/release/MUKNO2-gris/RelWithDebInfo/bin/gdcmexpat.dll'
  -- 123/190: fix-up not required on this platform 'C:/thesis/build/x64/release/MUKNO2-gris/RelWithDebInfo/bin/gdcmjpeg12.dll'
  -- 124/190: fix-up not required on this platform 'C:/thesis/build/x64/release/MUKNO2-gris/RelWithDebInfo/bin/gdcmjpeg16.dll'
  -- 125/190: fix-up not required on this platform 'C:/thesis/build/x64/release/MUKNO2-gris/RelWithDebInfo/bin/gdcmjpeg8.dll'
  -- 126/190: fix-up not required on this platform 'C:/thesis/build/x64/release/MUKNO2-gris/RelWithDebInfo/bin/gdcmopenjpeg.dll'
  -- 127/190: fix-up not required on this platform 'C:/thesis/build/x64/release/MUKNO2-gris/RelWithDebInfo/bin/gdcmzlib.dll'
  -- 128/190: fix-up not required on this platform 'C:/thesis/build/x64/release/MUKNO2-gris/RelWithDebInfo/bin/gstd-0.6.dll'
  -- 129/190: fix-up not required on this platform 'C:/thesis/build/x64/release/MUKNO2-gris/RelWithDebInfo/bin/libgmp-10.dll'
  -- 130/190: fix-up not required on this platform 'C:/thesis/build/x64/release/MUKNO2-gris/RelWithDebInfo/bin/vtkCommonColor-7.1.dll'
  -- 131/190: fix-up not required on this platform 'C:/thesis/build/x64/release/MUKNO2-gris/RelWithDebInfo/bin/vtkCommonComputationalGeometry-7.1.dll'
  -- 132/190: fix-up not required on this platform 'C:/thesis/build/x64/release/MUKNO2-gris/RelWithDebInfo/bin/vtkCommonCore-7.1.dll'
  -- 133/190: fix-up not required on this platform 'C:/thesis/build/x64/release/MUKNO2-gris/RelWithDebInfo/bin/vtkCommonDataModel-7.1.dll'
  -- 134/190: fix-up not required on this platform 'C:/thesis/build/x64/release/MUKNO2-gris/RelWithDebInfo/bin/vtkCommonExecutionModel-7.1.dll'
  -- 135/190: fix-up not required on this platform 'C:/thesis/build/x64/release/MUKNO2-gris/RelWithDebInfo/bin/vtkCommonMath-7.1.dll'
  -- 136/190: fix-up not required on this platform 'C:/thesis/build/x64/release/MUKNO2-gris/RelWithDebInfo/bin/vtkCommonMisc-7.1.dll'
  -- 137/190: fix-up not required on this platform 'C:/thesis/build/x64/release/MUKNO2-gris/RelWithDebInfo/bin/vtkCommonSystem-7.1.dll'
  -- 138/190: fix-up not required on this platform 'C:/thesis/build/x64/release/MUKNO2-gris/RelWithDebInfo/bin/vtkCommonTransforms-7.1.dll'
  -- 139/190: fix-up not required on this platform 'C:/thesis/build/x64/release/MUKNO2-gris/RelWithDebInfo/bin/vtkDICOMParser-7.1.dll'
  -- 140/190: fix-up not required on this platform 'C:/thesis/build/x64/release/MUKNO2-gris/RelWithDebInfo/bin/vtkFiltersCore-7.1.dll'
  -- 141/190: fix-up not required on this platform 'C:/thesis/build/x64/release/MUKNO2-gris/RelWithDebInfo/bin/vtkFiltersExtraction-7.1.dll'
  -- 142/190: fix-up not required on this platform 'C:/thesis/build/x64/release/MUKNO2-gris/RelWithDebInfo/bin/vtkFiltersGeneral-7.1.dll'
  -- 143/190: fix-up not required on this platform 'C:/thesis/build/x64/release/MUKNO2-gris/RelWithDebInfo/bin/vtkFiltersGeometry-7.1.dll'
  -- 144/190: fix-up not required on this platform 'C:/thesis/build/x64/release/MUKNO2-gris/RelWithDebInfo/bin/vtkFiltersHybrid-7.1.dll'
  -- 145/190: fix-up not required on this platform 'C:/thesis/build/x64/release/MUKNO2-gris/RelWithDebInfo/bin/vtkFiltersModeling-7.1.dll'
  -- 146/190: fix-up not required on this platform 'C:/thesis/build/x64/release/MUKNO2-gris/RelWithDebInfo/bin/vtkFiltersSources-7.1.dll'
  -- 147/190: fix-up not required on this platform 'C:/thesis/build/x64/release/MUKNO2-gris/RelWithDebInfo/bin/vtkFiltersStatistics-7.1.dll'
  -- 148/190: fix-up not required on this platform 'C:/thesis/build/x64/release/MUKNO2-gris/RelWithDebInfo/bin/vtkGUISupportQt-7.1.dll'
  -- 149/190: fix-up not required on this platform 'C:/thesis/build/x64/release/MUKNO2-gris/RelWithDebInfo/bin/vtkIOCore-7.1.dll'
  -- 150/190: fix-up not required on this platform 'C:/thesis/build/x64/release/MUKNO2-gris/RelWithDebInfo/bin/vtkIOExport-7.1.dll'
  -- 151/190: fix-up not required on this platform 'C:/thesis/build/x64/release/MUKNO2-gris/RelWithDebInfo/bin/vtkIOGeometry-7.1.dll'
  -- 152/190: fix-up not required on this platform 'C:/thesis/build/x64/release/MUKNO2-gris/RelWithDebInfo/bin/vtkIOImage-7.1.dll'
  -- 153/190: fix-up not required on this platform 'C:/thesis/build/x64/release/MUKNO2-gris/RelWithDebInfo/bin/vtkIOImport-7.1.dll'
  -- 154/190: fix-up not required on this platform 'C:/thesis/build/x64/release/MUKNO2-gris/RelWithDebInfo/bin/vtkIOLegacy-7.1.dll'
  -- 155/190: fix-up not required on this platform 'C:/thesis/build/x64/release/MUKNO2-gris/RelWithDebInfo/bin/vtkIOMINC-7.1.dll'
  -- 156/190: fix-up not required on this platform 'C:/thesis/build/x64/release/MUKNO2-gris/RelWithDebInfo/bin/vtkIOPLY-7.1.dll'
  -- 157/190: fix-up not required on this platform 'C:/thesis/build/x64/release/MUKNO2-gris/RelWithDebInfo/bin/vtkIOXML-7.1.dll'
  -- 158/190: fix-up not required on this platform 'C:/thesis/build/x64/release/MUKNO2-gris/RelWithDebInfo/bin/vtkIOXMLParser-7.1.dll'
  -- 159/190: fix-up not required on this platform 'C:/thesis/build/x64/release/MUKNO2-gris/RelWithDebInfo/bin/vtkImagingColor-7.1.dll'
  -- 160/190: fix-up not required on this platform 'C:/thesis/build/x64/release/MUKNO2-gris/RelWithDebInfo/bin/vtkImagingCore-7.1.dll'
  -- 161/190: fix-up not required on this platform 'C:/thesis/build/x64/release/MUKNO2-gris/RelWithDebInfo/bin/vtkImagingFourier-7.1.dll'
  -- 162/190: fix-up not required on this platform 'C:/thesis/build/x64/release/MUKNO2-gris/RelWithDebInfo/bin/vtkImagingGeneral-7.1.dll'
  -- 163/190: fix-up not required on this platform 'C:/thesis/build/x64/release/MUKNO2-gris/RelWithDebInfo/bin/vtkImagingHybrid-7.1.dll'
  -- 164/190: fix-up not required on this platform 'C:/thesis/build/x64/release/MUKNO2-gris/RelWithDebInfo/bin/vtkImagingMorphological-7.1.dll'
  -- 165/190: fix-up not required on this platform 'C:/thesis/build/x64/release/MUKNO2-gris/RelWithDebInfo/bin/vtkImagingSources-7.1.dll'
  -- 166/190: fix-up not required on this platform 'C:/thesis/build/x64/release/MUKNO2-gris/RelWithDebInfo/bin/vtkImagingStencil-7.1.dll'
  -- 167/190: fix-up not required on this platform 'C:/thesis/build/x64/release/MUKNO2-gris/RelWithDebInfo/bin/vtkInteractionStyle-7.1.dll'
  -- 168/190: fix-up not required on this platform 'C:/thesis/build/x64/release/MUKNO2-gris/RelWithDebInfo/bin/vtkInteractionWidgets-7.1.dll'
  -- 169/190: fix-up not required on this platform 'C:/thesis/build/x64/release/MUKNO2-gris/RelWithDebInfo/bin/vtkNetCDF-7.1.dll'
  -- 170/190: fix-up not required on this platform 'C:/thesis/build/x64/release/MUKNO2-gris/RelWithDebInfo/bin/vtkRenderingAnnotation-7.1.dll'
  -- 171/190: fix-up not required on this platform 'C:/thesis/build/x64/release/MUKNO2-gris/RelWithDebInfo/bin/vtkRenderingContext2D-7.1.dll'
  -- 172/190: fix-up not required on this platform 'C:/thesis/build/x64/release/MUKNO2-gris/RelWithDebInfo/bin/vtkRenderingContextOpenGL-7.1.dll'
  -- 173/190: fix-up not required on this platform 'C:/thesis/build/x64/release/MUKNO2-gris/RelWithDebInfo/bin/vtkRenderingCore-7.1.dll'
  -- 174/190: fix-up not required on this platform 'C:/thesis/build/x64/release/MUKNO2-gris/RelWithDebInfo/bin/vtkRenderingFreeType-7.1.dll'
  -- 175/190: fix-up not required on this platform 'C:/thesis/build/x64/release/MUKNO2-gris/RelWithDebInfo/bin/vtkRenderingImage-7.1.dll'
  -- 176/190: fix-up not required on this platform 'C:/thesis/build/x64/release/MUKNO2-gris/RelWithDebInfo/bin/vtkRenderingLabel-7.1.dll'
  -- 177/190: fix-up not required on this platform 'C:/thesis/build/x64/release/MUKNO2-gris/RelWithDebInfo/bin/vtkRenderingOpenGL-7.1.dll'
  -- 178/190: fix-up not required on this platform 'C:/thesis/build/x64/release/MUKNO2-gris/RelWithDebInfo/bin/vtkRenderingVolume-7.1.dll'
  -- 179/190: fix-up not required on this platform 'C:/thesis/build/x64/release/MUKNO2-gris/RelWithDebInfo/bin/vtkSurface.dll'
  -- 180/190: fix-up not required on this platform 'C:/thesis/build/x64/release/MUKNO2-gris/RelWithDebInfo/bin/vtkalglib-7.1.dll'
  -- 181/190: fix-up not required on this platform 'C:/thesis/build/x64/release/MUKNO2-gris/RelWithDebInfo/bin/vtkexpat-7.1.dll'
  -- 182/190: fix-up not required on this platform 'C:/thesis/build/x64/release/MUKNO2-gris/RelWithDebInfo/bin/vtkfreetype-7.1.dll'
  -- 183/190: fix-up not required on this platform 'C:/thesis/build/x64/release/MUKNO2-gris/RelWithDebInfo/bin/vtkhdf5-7.1.dll'
  -- 184/190: fix-up not required on this platform 'C:/thesis/build/x64/release/MUKNO2-gris/RelWithDebInfo/bin/vtkhdf5_hl-7.1.dll'
  -- 185/190: fix-up not required on this platform 'C:/thesis/build/x64/release/MUKNO2-gris/RelWithDebInfo/bin/vtkjpeg-7.1.dll'
  -- 186/190: fix-up not required on this platform 'C:/thesis/build/x64/release/MUKNO2-gris/RelWithDebInfo/bin/vtkmetaio-7.1.dll'
  -- 187/190: fix-up not required on this platform 'C:/thesis/build/x64/release/MUKNO2-gris/RelWithDebInfo/bin/vtkpng-7.1.dll'
  -- 188/190: fix-up not required on this platform 'C:/thesis/build/x64/release/MUKNO2-gris/RelWithDebInfo/bin/vtksys-7.1.dll'
  -- 189/190: fix-up not required on this platform 'C:/thesis/build/x64/release/MUKNO2-gris/RelWithDebInfo/bin/vtktiff-7.1.dll'
  -- 190/190: fix-up not required on this platform 'C:/thesis/build/x64/release/MUKNO2-gris/RelWithDebInfo/bin/vtkzlib-7.1.dll'
  -- fixup_bundle: cleaning up...
  -- fixup_bundle: verifying...
  -- ===========================================================================
  -- Analyzing app='C:/thesis/build/x64/release/MUKNO2-gris/RelWithDebInfo/bin/MuknoPlanner.exe'
  -- bundle='C:/thesis/build/x64/release/MUKNO2-gris/RelWithDebInfo/bin'
  -- executable='C:/thesis/build/x64/release/MUKNO2-gris/RelWithDebInfo/bin/MuknoPlanner.exe'
  -- valid='1'
  -- executable file 1: C:/thesis/build/x64/release/MUKNO2-gris/RelWithDebInfo/bin/MuknoPlanner.exe
  -- verified='1'
  -- info='Verified 1 executable files in 'C:/thesis/build/x64/release/MUKNO2-gris/RelWithDebInfo/bin''
  -- 
  -- verified='1'
  -- info=''
  -- 
  -- fixup_bundle: done
