c:\thesis\build\x64\release\mukno2-gris\src\mukcommon\mukcommon.dir\relwithdebinfo\vc140.pdb
c:\thesis\build\x64\release\mukno2-gris\src\mukcommon\mukcommon.dir\relwithdebinfo\mukio.obj
c:\thesis\build\x64\release\mukno2-gris\src\mukcommon\mukcommon.dir\relwithdebinfo\mukexception.obj
c:\thesis\build\x64\release\mukno2-gris\src\mukcommon\mukcommon.dir\relwithdebinfo\liegroupse3.obj
c:\thesis\build\x64\release\mukno2-gris\src\mukcommon\mukcommon.dir\relwithdebinfo\loggerwrapper.obj
c:\thesis\build\x64\release\mukno2-gris\src\mukcommon\mukcommon.dir\relwithdebinfo\localebool.obj
c:\thesis\build\x64\release\mukno2-gris\src\mukcommon\mukcommon.dir\relwithdebinfo\istateregion.obj
c:\thesis\build\x64\release\mukno2-gris\src\mukcommon\mukcommon.dir\relwithdebinfo\ipathplanner.obj
c:\thesis\build\x64\release\mukno2-gris\src\mukcommon\mukcommon.dir\relwithdebinfo\ipathoptimizer.obj
c:\thesis\build\x64\release\mukno2-gris\src\mukcommon\mukcommon.dir\relwithdebinfo\interpolatorfactory.obj
c:\thesis\build\x64\release\mukno2-gris\src\mukcommon\mukcommon.dir\relwithdebinfo\inavigator.obj
c:\thesis\build\x64\release\mukno2-gris\src\mukcommon\mukcommon.dir\relwithdebinfo\imukevaluation.obj
c:\thesis\build\x64\release\mukno2-gris\src\mukcommon\mukcommon.dir\relwithdebinfo\iinterpolator.obj
c:\thesis\build\x64\release\mukno2-gris\src\mukcommon\mukcommon.dir\relwithdebinfo\ibounds.obj
c:\thesis\build\x64\release\mukno2-gris\src\mukcommon\mukcommon.dir\relwithdebinfo\gris_property_streams.obj
c:\thesis\build\x64\release\mukno2-gris\src\mukcommon\mukcommon.dir\relwithdebinfo\geometry.obj
c:\thesis\build\x64\release\mukno2-gris\src\mukcommon\mukcommon.dir\relwithdebinfo\evaluationfactory.obj
c:\thesis\build\x64\release\mukno2-gris\src\mukcommon\mukcommon.dir\relwithdebinfo\collisiondetectorkdtree.obj
c:\thesis\build\x64\release\mukno2-gris\src\mukcommon\mukcommon.dir\relwithdebinfo\calibrationstatemachine.obj
c:\thesis\build\x64\release\mukno2-gris\src\mukcommon\mukcommon.dir\relwithdebinfo\calibrationfactory.obj
c:\thesis\build\x64\release\mukno2-gris\src\mukcommon\mukcommon.dir\relwithdebinfo\bounds.obj
c:\thesis\build\x64\release\mukno2-gris\src\mukcommon\mukcommon.dir\relwithdebinfo\posevector.obj
c:\thesis\build\x64\release\mukno2-gris\src\mukcommon\mukcommon.dir\relwithdebinfo\posematrix.obj
c:\thesis\build\x64\release\mukno2-gris\src\mukcommon\mukcommon.dir\relwithdebinfo\polygon_3d_tools.obj
c:\thesis\build\x64\release\mukno2-gris\src\mukcommon\mukcommon.dir\relwithdebinfo\planestateregion.obj
c:\thesis\build\x64\release\mukno2-gris\src\mukcommon\mukcommon.dir\relwithdebinfo\plannerfactory.obj
c:\thesis\build\x64\release\mukno2-gris\src\mukcommon\mukcommon.dir\relwithdebinfo\pathcollection.obj
c:\thesis\build\x64\release\mukno2-gris\src\mukcommon\mukcommon.dir\relwithdebinfo\optimizerfactory.obj
c:\thesis\build\x64\release\mukno2-gris\src\mukcommon\mukcommon.dir\relwithdebinfo\navigatorfactory.obj
c:\thesis\build\x64\release\mukno2-gris\src\mukcommon\mukcommon.dir\relwithdebinfo\multiportstateregion.obj
c:\thesis\build\x64\release\mukno2-gris\src\mukcommon\mukcommon.dir\relwithdebinfo\muktransform.obj
c:\thesis\build\x64\release\mukno2-gris\src\mukcommon\mukcommon.dir\relwithdebinfo\mukstringtoolkit.obj
c:\thesis\build\x64\release\mukno2-gris\src\mukcommon\mukcommon.dir\relwithdebinfo\mukstateregion.obj
c:\thesis\build\x64\release\mukno2-gris\src\mukcommon\mukcommon.dir\relwithdebinfo\mukstate.obj
c:\thesis\build\x64\release\mukno2-gris\src\mukcommon\mukcommon.dir\relwithdebinfo\mukscenelegacyio.obj
c:\thesis\build\x64\release\mukno2-gris\src\mukcommon\mukcommon.dir\relwithdebinfo\mukscene.obj
c:\thesis\build\x64\release\mukno2-gris\src\mukcommon\mukcommon.dir\relwithdebinfo\mukproblemdefinition.obj
c:\thesis\build\x64\release\mukno2-gris\src\mukcommon\mukcommon.dir\relwithdebinfo\mukpathgraph.obj
c:\thesis\build\x64\release\mukno2-gris\src\mukcommon\mukcommon.dir\relwithdebinfo\mukpath.obj
c:\thesis\build\x64\release\mukno2-gris\src\mukcommon\mukcommon.dir\relwithdebinfo\mukobstacle.obj
c:\thesis\build\x64\release\mukno2-gris\src\mukcommon\mukcommon.dir\relwithdebinfo\mukitkio.obj
c:\thesis\build\x64\release\mukno2-gris\src\mukcommon\mukcommon.dir\relwithdebinfo\waypoints.obj
c:\thesis\build\x64\release\mukno2-gris\src\mukcommon\mukcommon.dir\relwithdebinfo\version.obj
c:\thesis\build\x64\release\mukno2-gris\src\mukcommon\mukcommon.dir\relwithdebinfo\twistvector.obj
c:\thesis\build\x64\release\mukno2-gris\src\mukcommon\mukcommon.dir\relwithdebinfo\twistmatrix.obj
c:\thesis\build\x64\release\mukno2-gris\src\mukcommon\mukcommon.dir\relwithdebinfo\timerowner.obj
c:\thesis\build\x64\release\mukno2-gris\src\mukcommon\mukcommon.dir\relwithdebinfo\systemcalibration.obj
c:\thesis\build\x64\release\mukno2-gris\src\mukcommon\mukcommon.dir\relwithdebinfo\surfacestateregion.obj
c:\thesis\build\x64\release\mukno2-gris\src\mukcommon\mukcommon.dir\relwithdebinfo\streamreader.obj
c:\thesis\build\x64\release\mukno2-gris\src\mukcommon\mukcommon.dir\relwithdebinfo\statesamplerdata.obj
c:\thesis\build\x64\release\mukno2-gris\src\mukcommon\mukcommon.dir\relwithdebinfo\stateregionsingledirection.obj
c:\thesis\build\x64\release\mukno2-gris\src\mukcommon\mukcommon.dir\relwithdebinfo\stateregionfactory.obj
c:\thesis\build\x64\release\mukno2-gris\src\mukcommon\mukcommon.dir\relwithdebinfo\quaternion.obj
c:\thesis\build\x64\release\mukno2-gris\src\mukcommon\cmakefiles\generate.stamp
c:\thesis\build\x64\release\mukno2-gris\relwithdebinfo\bin\mukcommon.ilk
c:\thesis\build\x64\release\mukno2-gris\relwithdebinfo\bin\mukcommon.dll
c:\thesis\build\x64\release\mukno2-gris\relwithdebinfo\bin\mukcommon.pdb
c:\thesis\build\x64\release\mukno2-gris\src\mukcommon\relwithdebinfo\mukcommon.lib
c:\thesis\build\x64\release\mukno2-gris\src\mukcommon\relwithdebinfo\mukcommon.exp
c:\thesis\build\x64\release\mukno2-gris\src\mukcommon\mukcommon.dir\relwithdebinfo\resource.res
c:\thesis\build\x64\release\mukno2-gris\src\mukcommon\mukcommon.dir\relwithdebinfo\calibrationfactory.nativecodeanalysis.xml
c:\thesis\build\x64\release\mukno2-gris\src\mukcommon\mukcommon.dir\relwithdebinfo\calibrationstatemachine.nativecodeanalysis.xml
c:\thesis\build\x64\release\mukno2-gris\src\mukcommon\mukcommon.dir\relwithdebinfo\collisiondetectorkdtree.nativecodeanalysis.xml
c:\thesis\build\x64\release\mukno2-gris\src\mukcommon\mukcommon.dir\relwithdebinfo\evaluationfactory.nativecodeanalysis.xml
c:\thesis\build\x64\release\mukno2-gris\src\mukcommon\mukcommon.dir\relwithdebinfo\geometry.nativecodeanalysis.xml
c:\thesis\build\x64\release\mukno2-gris\src\mukcommon\mukcommon.dir\relwithdebinfo\gris_property_streams.nativecodeanalysis.xml
c:\thesis\build\x64\release\mukno2-gris\src\mukcommon\mukcommon.dir\relwithdebinfo\ibounds.nativecodeanalysis.xml
c:\thesis\build\x64\release\mukno2-gris\src\mukcommon\mukcommon.dir\relwithdebinfo\iinterpolator.nativecodeanalysis.xml
c:\thesis\build\x64\release\mukno2-gris\src\mukcommon\mukcommon.dir\relwithdebinfo\imukevaluation.nativecodeanalysis.xml
c:\thesis\build\x64\release\mukno2-gris\src\mukcommon\mukcommon.dir\relwithdebinfo\inavigator.nativecodeanalysis.xml
c:\thesis\build\x64\release\mukno2-gris\src\mukcommon\mukcommon.dir\relwithdebinfo\interpolatorfactory.nativecodeanalysis.xml
c:\thesis\build\x64\release\mukno2-gris\src\mukcommon\mukcommon.dir\relwithdebinfo\ipathoptimizer.nativecodeanalysis.xml
c:\thesis\build\x64\release\mukno2-gris\src\mukcommon\mukcommon.dir\relwithdebinfo\ipathplanner.nativecodeanalysis.xml
c:\thesis\build\x64\release\mukno2-gris\src\mukcommon\mukcommon.dir\relwithdebinfo\istateregion.nativecodeanalysis.xml
c:\thesis\build\x64\release\mukno2-gris\src\mukcommon\mukcommon.dir\relwithdebinfo\liegroupse3.nativecodeanalysis.xml
c:\thesis\build\x64\release\mukno2-gris\src\mukcommon\mukcommon.dir\relwithdebinfo\localebool.nativecodeanalysis.xml
c:\thesis\build\x64\release\mukno2-gris\src\mukcommon\mukcommon.dir\relwithdebinfo\loggerwrapper.nativecodeanalysis.xml
c:\thesis\build\x64\release\mukno2-gris\src\mukcommon\mukcommon.dir\relwithdebinfo\mukexception.nativecodeanalysis.xml
c:\thesis\build\x64\release\mukno2-gris\src\mukcommon\mukcommon.dir\relwithdebinfo\mukio.nativecodeanalysis.xml
c:\thesis\build\x64\release\mukno2-gris\src\mukcommon\mukcommon.dir\relwithdebinfo\mukcommon.tlog\cl.command.1.tlog
c:\thesis\build\x64\release\mukno2-gris\src\mukcommon\mukcommon.dir\relwithdebinfo\mukcommon.tlog\cl.read.1.tlog
c:\thesis\build\x64\release\mukno2-gris\src\mukcommon\mukcommon.dir\relwithdebinfo\mukcommon.tlog\cl.write.1.tlog
c:\thesis\build\x64\release\mukno2-gris\src\mukcommon\mukcommon.dir\relwithdebinfo\mukcommon.tlog\custombuild.command.1.tlog
c:\thesis\build\x64\release\mukno2-gris\src\mukcommon\mukcommon.dir\relwithdebinfo\mukcommon.tlog\custombuild.read.1.tlog
c:\thesis\build\x64\release\mukno2-gris\src\mukcommon\mukcommon.dir\relwithdebinfo\mukcommon.tlog\custombuild.write.1.tlog
c:\thesis\build\x64\release\mukno2-gris\src\mukcommon\mukcommon.dir\relwithdebinfo\mukcommon.tlog\link.command.1.tlog
c:\thesis\build\x64\release\mukno2-gris\src\mukcommon\mukcommon.dir\relwithdebinfo\mukcommon.tlog\link.read.1.tlog
c:\thesis\build\x64\release\mukno2-gris\src\mukcommon\mukcommon.dir\relwithdebinfo\mukcommon.tlog\link.write.1.tlog
c:\thesis\build\x64\release\mukno2-gris\src\mukcommon\mukcommon.dir\relwithdebinfo\mukcommon.tlog\mukcommon.write.1u.tlog
c:\thesis\build\x64\release\mukno2-gris\src\mukcommon\mukcommon.dir\relwithdebinfo\mukcommon.tlog\rc.command.1.tlog
c:\thesis\build\x64\release\mukno2-gris\src\mukcommon\mukcommon.dir\relwithdebinfo\mukcommon.tlog\rc.read.1.tlog
c:\thesis\build\x64\release\mukno2-gris\src\mukcommon\mukcommon.dir\relwithdebinfo\mukcommon.tlog\rc.write.1.tlog
